app/build/outputs/logs/manifest-merger-debug-report.txt
-- Merging decision tree log ---
manifest
ADDED from src/main/AndroidManifest.xml:2:1-71:12
	package
		ADDED from src/main/AndroidManifest.xml:3:5-29
		INJECTED from src/main/AndroidManifest.xml
		INJECTED from src/main/AndroidManifest.xml
	android:versionName
		ADDED from src/main/AndroidManifest.xml:5:5-30
		INJECTED from src/main/AndroidManifest.xml
		INJECTED from src/main/AndroidManifest.xml
	android:versionCode
		ADDED from src/main/AndroidManifest.xml:4:5-28
		INJECTED from src/main/AndroidManifest.xml
		INJECTED from src/main/AndroidManifest.xml
	xmlns:android
		ADDED from src/main/AndroidManifest.xml:2:11-69
uses-permission#android.permission.WRITE_EXTERNAL_STORAGE
ADDED from src/main/AndroidManifest.xml:6:5-80
	android:name
		ADDED from src/main/AndroidManifest.xml:6:22-78
uses-permission#android.permission.RECORD_AUDIO
ADDED from src/main/AndroidManifest.xml:7:5-71
	android:name
		ADDED from src/main/AndroidManifest.xml:7:22-68
uses-permission#android.permission.STORAGE
ADDED from src/main/AndroidManifest.xml:8:5-66
	android:name
		ADDED from src/main/AndroidManifest.xml:8:22-63
uses-permission#android.permission.READ_EXTERNAL_STORAGE
ADDED from src/main/AndroidManifest.xml:9:5-80
	android:name
		ADDED from src/main/AndroidManifest.xml:9:22-77
uses-permission#android.permission.ACCESS_NETWORK_STATE
ADDED from src/main/AndroidManifest.xml:10:5-79
	android:name
		ADDED from src/main/AndroidManifest.xml:10:22-76
uses-permission#android.permission.INTERNET
ADDED from src/main/AndroidManifest.xml:11:5-67
	android:name
		ADDED from src/main/AndroidManifest.xml:11:22-64
uses-permission#android.permission.VIBRATE
ADDED from src/main/AndroidManifest.xml:12:5-65
	android:name
		ADDED from src/main/AndroidManifest.xml:12:22-63
uses-permission#android.permission.BLUETOOTH
ADDED from src/main/AndroidManifest.xml:13:5-68
	android:name
		ADDED from src/main/AndroidManifest.xml:13:22-65
uses-permission#android.permission.BLUETOOTH_ADMIN
ADDED from src/main/AndroidManifest.xml:14:5-74
	android:name
		ADDED from src/main/AndroidManifest.xml:14:22-71
application
ADDED from src/main/AndroidManifest.xml:16:5-69:19
MERGED from [com.google.android.gms:play-services-appindexing:8.4.0] AndroidManifest.xml:19:5-20
MERGED from [com.google.android.gms:play-services-basement:8.4.0] AndroidManifest.xml:20:5-24:19
MERGED from [com.android.support:support-v4:23.0.0] AndroidManifest.xml:22:5-20
	android:label
		ADDED from src/main/AndroidManifest.xml:19:9-40
	android:allowBackup
		ADDED from src/main/AndroidManifest.xml:17:9-35
	android:icon
		ADDED from src/main/AndroidManifest.xml:18:9-45
activity#info.ntu.aiden.SplashScreen
ADDED from src/main/AndroidManifest.xml:21:9-24:20
	android:screenOrientation
		ADDED from src/main/AndroidManifest.xml:23:13-49
	android:theme
		ADDED from src/main/AndroidManifest.xml:22:13-77
	android:name
		ADDED from src/main/AndroidManifest.xml:21:19-47
activity#info.ntu.aiden.MainActivity
ADDED from src/main/AndroidManifest.xml:27:9-35:20
	android:screenOrientation
		ADDED from src/main/AndroidManifest.xml:30:13-49
	android:theme
		ADDED from src/main/AndroidManifest.xml:29:13-77
	android:name
		ADDED from src/main/AndroidManifest.xml:28:13-41
intent-filter#android.intent.action.MAIN+android.intent.category.LAUNCHER
ADDED from src/main/AndroidManifest.xml:31:13-34:29
action#android.intent.action.MAIN
ADDED from src/main/AndroidManifest.xml:32:17-69
	android:name
		ADDED from src/main/AndroidManifest.xml:32:25-66
category#android.intent.category.LAUNCHER
ADDED from src/main/AndroidManifest.xml:33:17-77
	android:name
		ADDED from src/main/AndroidManifest.xml:33:27-74
activity#info.ntu.aiden.DualActivity
ADDED from src/main/AndroidManifest.xml:37:9-42:20
	android:screenOrientation
		ADDED from src/main/AndroidManifest.xml:40:13-49
	android:theme
		ADDED from src/main/AndroidManifest.xml:39:13-66
	android:name
		ADDED from src/main/AndroidManifest.xml:38:13-41
activity#info.ntu.aiden.SingleActivity
ADDED from src/main/AndroidManifest.xml:44:9-49:20
	android:screenOrientation
		ADDED from src/main/AndroidManifest.xml:47:13-49
	android:theme
		ADDED from src/main/AndroidManifest.xml:46:13-66
	android:name
		ADDED from src/main/AndroidManifest.xml:45:13-43
activity#info.ntu.aiden.SettingActivity
ADDED from src/main/AndroidManifest.xml:51:9-55:20
	android:screenOrientation
		ADDED from src/main/AndroidManifest.xml:54:13-49
	android:theme
		ADDED from src/main/AndroidManifest.xml:53:13-77
	android:name
		ADDED from src/main/AndroidManifest.xml:52:13-44
activity#info.ntu.aiden.AboutusActivity
ADDED from src/main/AndroidManifest.xml:57:9-61:20
	android:screenOrientation
		ADDED from src/main/AndroidManifest.xml:60:13-49
	android:theme
		ADDED from src/main/AndroidManifest.xml:59:13-77
	android:name
		ADDED from src/main/AndroidManifest.xml:58:13-44
activity#info.ntu.aiden.MPlayer
ADDED from src/main/AndroidManifest.xml:63:9-67:20
	android:screenOrientation
		ADDED from src/main/AndroidManifest.xml:66:13-49
	android:theme
		ADDED from src/main/AndroidManifest.xml:65:13-77
	android:name
		ADDED from src/main/AndroidManifest.xml:64:13-36
uses-sdk
INJECTED from src/main/AndroidManifest.xml reason: use-sdk injection requested
MERGED from [com.akexorcist:RoundCornerProgressBar:2.0.3] AndroidManifest.xml:8:5-10:41
MERGED from [com.google.android.gms:play-services-appindexing:8.4.0] AndroidManifest.xml:18:5-42
MERGED from [com.google.android.gms:play-services-base:8.4.0] AndroidManifest.xml:18:5-42
MERGED from [com.google.android.gms:play-services-basement:8.4.0] AndroidManifest.xml:18:5-42
MERGED from [com.android.support:support-v4:23.0.0] AndroidManifest.xml:20:5-43
MERGED from [com.specyci:residemenu:1.6] AndroidManifest.xml:7:5-9:41
	android:targetSdkVersion
		INJECTED from src/main/AndroidManifest.xml
		INJECTED from src/main/AndroidManifest.xml
	android:minSdkVersion
		INJECTED from src/main/AndroidManifest.xml
		INJECTED from src/main/AndroidManifest.xml
meta-data#com.google.android.gms.version
ADDED from [com.google.android.gms:play-services-basement:8.4.0] AndroidManifest.xml:21:9-23:69
	android:value
		ADDED from [com.google.android.gms:play-services-basement:8.4.0] AndroidManifest.xml:23:13-66
	android:name
		ADDED from [com.google.android.gms:play-services-basement:8.4.0] AndroidManifest.xml:22:13-58